<?xml version="1.0" encoding="UTF-8"?>

<process-definition name="ClaimSubmission">

    <swimlane name="supplierRecoveryInitiator">
        <assignment
                class="tavant.twms.jbpm.assignment.ExpressionAssignmentHandler">
            <expression>actor=supplierRecoveryInitiator</expression>
        </assignment>
    </swimlane>

    <start-state name="Start">
        <transition name="Draft" to="TestTask"/>
    </start-state>

    <task-node name="TestTask">
        <task name="Test Task" swimlane="supplierRecoveryInitiator"/>
        <transition name="End" to="End"/>
    </task-node>

    <end-state name="End"/>
</process-definition>
